<?xml version="1.0" encoding="UTF-8"?>
<testng-results skipped="0" failed="1" ignored="0" total="1" passed="0">
  <reporter-output>
    <line>
      <![CDATA[Test Failed !!!<br>]]>
    </line>
    <line>
      <![CDATA[<a target="_blank" href=E:\Automation\Selenium\Study_Project_edura_Practice\PracticeOne\targeterror.jpg><img src=E:\Automation\Selenium\Study_Project_edura_Practice\PracticeOne\targeterror.jpg height=150 width=150></img></a>]]>
    </line>
  </reporter-output>
  <suite name="Functional Test Suite" duration-ms="5541" started-at="2022-12-30T11:26:28Z" finished-at="2022-12-30T11:26:34Z">
    <groups>
    </groups>
    <test name="Student Registration Page" duration-ms="5541" started-at="2022-12-30T11:26:28Z" finished-at="2022-12-30T11:26:34Z">
      <class name="tech.kefi.testcases.StudRegisPage">
        <test-method status="PASS" signature="setUp()[pri:0, instance:tech.kefi.testcases.StudRegisPage@402bba4f]" name="setUp" is-config="true" duration-ms="4309" started-at="2022-12-30T11:26:24Z" finished-at="2022-12-30T11:26:28Z">
          <reporter-output>
          </reporter-output>
        </test-method> <!-- setUp -->
        <test-method status="FAIL" signature="loadUrl()[pri:0, instance:tech.kefi.testcases.StudRegisPage@402bba4f]" name="loadUrl" duration-ms="4823" started-at="2022-12-30T11:26:28Z" finished-at="2022-12-30T11:26:33Z">
          <exception class="java.lang.AssertionError">
            <message>
              <![CDATA[Student registration page load failure !!! expected [false] but found [true]]]>
            </message>
            <full-stacktrace>
              <![CDATA[java.lang.AssertionError: Student registration page load failure !!! expected [false] but found [true]
at org.testng.Assert.fail(Assert.java:96)
at org.testng.Assert.failNotEquals(Assert.java:776)
at org.testng.Assert.assertFalse(Assert.java:65)
at tech.kefi.testcases.StudRegisPage.loadUrl(StudRegisPage.java:18)
at sun.reflect.NativeMethodAccessorImpl.invoke0(Native Method)
at sun.reflect.NativeMethodAccessorImpl.invoke(NativeMethodAccessorImpl.java:62)
at sun.reflect.DelegatingMethodAccessorImpl.invoke(DelegatingMethodAccessorImpl.java:43)
at java.lang.reflect.Method.invoke(Method.java:498)
at org.testng.internal.MethodInvocationHelper.invokeMethod(MethodInvocationHelper.java:124)
at org.testng.internal.Invoker.invokeMethod(Invoker.java:583)
at org.testng.internal.Invoker.invokeTestMethod(Invoker.java:719)
at org.testng.internal.Invoker.invokeTestMethods(Invoker.java:989)
at org.testng.internal.TestMethodWorker.invokeTestMethods(TestMethodWorker.java:125)
at org.testng.internal.TestMethodWorker.run(TestMethodWorker.java:109)
at org.testng.TestRunner.privateRun(TestRunner.java:648)
at org.testng.TestRunner.run(TestRunner.java:505)
at org.testng.SuiteRunner.runTest(SuiteRunner.java:455)
at org.testng.SuiteRunner.runSequentially(SuiteRunner.java:450)
at org.testng.SuiteRunner.privateRun(SuiteRunner.java:415)
at org.testng.SuiteRunner.run(SuiteRunner.java:364)
at org.testng.SuiteRunnerWorker.runSuite(SuiteRunnerWorker.java:52)
at org.testng.SuiteRunnerWorker.run(SuiteRunnerWorker.java:84)
at org.testng.TestNG.runSuitesSequentially(TestNG.java:1208)
at org.testng.TestNG.runSuitesLocally(TestNG.java:1137)
at org.testng.TestNG.runSuites(TestNG.java:1049)
at org.testng.TestNG.run(TestNG.java:1017)
at org.testng.remote.AbstractRemoteTestNG.run(AbstractRemoteTestNG.java:115)
at org.testng.remote.RemoteTestNG.initAndRun(RemoteTestNG.java:251)
at org.testng.remote.RemoteTestNG.main(RemoteTestNG.java:77)
]]>
            </full-stacktrace>
          </exception> <!-- java.lang.AssertionError -->
          <reporter-output>
            <line>
              <![CDATA[Test Failed !!!<br>]]>
            </line>
            <line>
              <![CDATA[<a target="_blank" href=E:\Automation\Selenium\Study_Project_edura_Practice\PracticeOne\targeterror.jpg><img src=E:\Automation\Selenium\Study_Project_edura_Practice\PracticeOne\targeterror.jpg height=150 width=150></img></a>]]>
            </line>
          </reporter-output>
        </test-method> <!-- loadUrl -->
        <test-method status="PASS" signature="tearDown()[pri:0, instance:tech.kefi.testcases.StudRegisPage@402bba4f]" name="tearDown" is-config="true" duration-ms="801" started-at="2022-12-30T11:26:34Z" finished-at="2022-12-30T11:26:35Z">
          <reporter-output>
          </reporter-output>
        </test-method> <!-- tearDown -->
      </class> <!-- tech.kefi.testcases.StudRegisPage -->
    </test> <!-- Student Registration Page -->
  </suite> <!-- Functional Test Suite -->
</testng-results>
